{"/Users/kwon/workspace/vue-jest-practice/src/components/LeftNavbar.vue": {"path":"/Users/kwon/workspace/vue-jest-practice/src/components/LeftNavbar.vue","statementMap":{"0":{"start":{"line":10,"column":0},"end":{"line":null,"column":-1}}},"fnMap":{"0":{"name":"(anonymous_1)","decl":{"start":{"line":10,"column":0},"end":{"line":null,"column":-1}},"loc":{"start":{"line":10,"column":0},"end":{"line":null,"column":-1}}}},"branchMap":{},"s":{"0":1},"f":{"0":1},"b":{}}
,"/Users/kwon/workspace/vue-jest-practice/src/components/Navbar.vue": {"path":"/Users/kwon/workspace/vue-jest-practice/src/components/Navbar.vue","statementMap":{"0":{"start":{"line":10,"column":0},"end":{"line":null,"column":-1}}},"fnMap":{"0":{"name":"(anonymous_1)","decl":{"start":{"line":10,"column":0},"end":{"line":null,"column":-1}},"loc":{"start":{"line":10,"column":0},"end":{"line":null,"column":-1}}}},"branchMap":{},"s":{"0":1},"f":{"0":1},"b":{}}
}
